<?xml version="1.0" encoding="UTF-8"?>
<!-- Generated by org.testng.reporters.JUnitReportReporter -->
<testsuite hostname="Ankurs-Surface-3" failures="0" tests="1" name="runner.TestRunner" time="5.737" errors="0" timestamp="2023-07-19T11:06:43 EDT" skipped="0">
  <testcase classname="runner.TestRunner" name="runScenario" time="5.737"/>
</testsuite> <!-- runner.TestRunner -->
